2019-07-30 20:09:12.206[WARN]  resttemplate-stat.log configured stat_log_interval=60 second and default cycle=60
2019-07-30 20:09:12.897[ERROR] Failed to report span to remote server. Current rest url is http://localhost:9411/api/v2/spans
org.springframework.web.client.ResourceAccessException: I/O error on POST request for "http://localhost:9411/api/v2/spans": Connection refused (Connection refused); nested exception is java.net.ConnectException: Connection refused (Connection refused)
	at org.springframework.web.client.RestTemplate.doExecute(RestTemplate.java:674)
	at org.springframework.web.client.RestTemplate.execute(RestTemplate.java:636)
	at org.springframework.web.client.RestTemplate.exchange(RestTemplate.java:598)
	at com.alipay.sofa.tracer.plugins.zipkin.sender.ZipkinRestTemplateSender.post(ZipkinRestTemplateSender.java:78)
	at com.alipay.sofa.tracer.plugins.zipkin.sender.ZipkinRestTemplateSender.sendSpans(ZipkinRestTemplateSender.java:66)
	at zipkin2.reporter.AsyncReporter$BoundedAsyncReporter.flush(AsyncReporter.java:286)
	at zipkin2.reporter.AsyncReporter$Builder$1.run(AsyncReporter.java:190)
Caused by: java.net.ConnectException: Connection refused (Connection refused)
	at java.net.PlainSocketImpl.socketConnect(Native Method)
	at java.net.AbstractPlainSocketImpl.doConnect(AbstractPlainSocketImpl.java:350)
	at java.net.AbstractPlainSocketImpl.connectToAddress(AbstractPlainSocketImpl.java:206)
	at java.net.AbstractPlainSocketImpl.connect(AbstractPlainSocketImpl.java:188)
	at java.net.SocksSocketImpl.connect(SocksSocketImpl.java:392)
	at java.net.Socket.connect(Socket.java:589)
	at java.net.Socket.connect(Socket.java:538)
	at sun.net.NetworkClient.doConnect(NetworkClient.java:180)
	at sun.net.www.http.HttpClient.openServer(HttpClient.java:463)
	at sun.net.www.http.HttpClient.openServer(HttpClient.java:558)
	at sun.net.www.http.HttpClient.<init>(HttpClient.java:242)
	at sun.net.www.http.HttpClient.New(HttpClient.java:339)
	at sun.net.www.http.HttpClient.New(HttpClient.java:357)
	at sun.net.www.protocol.http.HttpURLConnection.getNewHttpClient(HttpURLConnection.java:1220)
	at sun.net.www.protocol.http.HttpURLConnection.plainConnect0(HttpURLConnection.java:1156)
	at sun.net.www.protocol.http.HttpURLConnection.plainConnect(HttpURLConnection.java:1050)
	at sun.net.www.protocol.http.HttpURLConnection.connect(HttpURLConnection.java:984)
	at org.springframework.http.client.SimpleBufferingClientHttpRequest.executeInternal(SimpleBufferingClientHttpRequest.java:78)
	at org.springframework.http.client.AbstractBufferingClientHttpRequest.executeInternal(AbstractBufferingClientHttpRequest.java:48)
	at org.springframework.http.client.AbstractClientHttpRequest.execute(AbstractClientHttpRequest.java:53)
	at org.springframework.web.client.RestTemplate.doExecute(RestTemplate.java:660)
	... 6 more

2019-07-30 20:10:44.694[WARN]  resttemplate-stat.log configured stat_log_interval=60 second and default cycle=60
2019-07-30 20:10:54.759[WARN]  spring-mvc-stat.log configured stat_log_interval=60 second and default cycle=60
2019-07-30 20:10:55.494[ERROR] Failed to report span to remote server. Current rest url is http://localhost:9411/api/v2/spans
org.springframework.web.client.ResourceAccessException: I/O error on POST request for "http://localhost:9411/api/v2/spans": Connection refused (Connection refused); nested exception is java.net.ConnectException: Connection refused (Connection refused)
	at org.springframework.web.client.RestTemplate.doExecute(RestTemplate.java:674)
	at org.springframework.web.client.RestTemplate.execute(RestTemplate.java:636)
	at org.springframework.web.client.RestTemplate.exchange(RestTemplate.java:598)
	at com.alipay.sofa.tracer.plugins.zipkin.sender.ZipkinRestTemplateSender.post(ZipkinRestTemplateSender.java:78)
	at com.alipay.sofa.tracer.plugins.zipkin.sender.ZipkinRestTemplateSender.sendSpans(ZipkinRestTemplateSender.java:66)
	at zipkin2.reporter.AsyncReporter$BoundedAsyncReporter.flush(AsyncReporter.java:286)
	at zipkin2.reporter.AsyncReporter$Builder$1.run(AsyncReporter.java:190)
Caused by: java.net.ConnectException: Connection refused (Connection refused)
	at java.net.PlainSocketImpl.socketConnect(Native Method)
	at java.net.AbstractPlainSocketImpl.doConnect(AbstractPlainSocketImpl.java:350)
	at java.net.AbstractPlainSocketImpl.connectToAddress(AbstractPlainSocketImpl.java:206)
	at java.net.AbstractPlainSocketImpl.connect(AbstractPlainSocketImpl.java:188)
	at java.net.SocksSocketImpl.connect(SocksSocketImpl.java:392)
	at java.net.Socket.connect(Socket.java:589)
	at java.net.Socket.connect(Socket.java:538)
	at sun.net.NetworkClient.doConnect(NetworkClient.java:180)
	at sun.net.www.http.HttpClient.openServer(HttpClient.java:463)
	at sun.net.www.http.HttpClient.openServer(HttpClient.java:558)
	at sun.net.www.http.HttpClient.<init>(HttpClient.java:242)
	at sun.net.www.http.HttpClient.New(HttpClient.java:339)
	at sun.net.www.http.HttpClient.New(HttpClient.java:357)
	at sun.net.www.protocol.http.HttpURLConnection.getNewHttpClient(HttpURLConnection.java:1220)
	at sun.net.www.protocol.http.HttpURLConnection.plainConnect0(HttpURLConnection.java:1156)
	at sun.net.www.protocol.http.HttpURLConnection.plainConnect(HttpURLConnection.java:1050)
	at sun.net.www.protocol.http.HttpURLConnection.connect(HttpURLConnection.java:984)
	at org.springframework.http.client.SimpleBufferingClientHttpRequest.executeInternal(SimpleBufferingClientHttpRequest.java:78)
	at org.springframework.http.client.AbstractBufferingClientHttpRequest.executeInternal(AbstractBufferingClientHttpRequest.java:48)
	at org.springframework.http.client.AbstractClientHttpRequest.execute(AbstractClientHttpRequest.java:53)
	at org.springframework.web.client.RestTemplate.doExecute(RestTemplate.java:660)
	... 6 more

2019-07-30 20:11:02.521[ERROR] Failed to report span to remote server. Current rest url is http://localhost:9411/api/v2/spans
org.springframework.web.client.ResourceAccessException: I/O error on POST request for "http://localhost:9411/api/v2/spans": Connection refused (Connection refused); nested exception is java.net.ConnectException: Connection refused (Connection refused)
	at org.springframework.web.client.RestTemplate.doExecute(RestTemplate.java:674)
	at org.springframework.web.client.RestTemplate.execute(RestTemplate.java:636)
	at org.springframework.web.client.RestTemplate.exchange(RestTemplate.java:598)
	at com.alipay.sofa.tracer.plugins.zipkin.sender.ZipkinRestTemplateSender.post(ZipkinRestTemplateSender.java:78)
	at com.alipay.sofa.tracer.plugins.zipkin.sender.ZipkinRestTemplateSender.sendSpans(ZipkinRestTemplateSender.java:66)
	at zipkin2.reporter.AsyncReporter$BoundedAsyncReporter.flush(AsyncReporter.java:286)
	at zipkin2.reporter.AsyncReporter$Builder$1.run(AsyncReporter.java:190)
Caused by: java.net.ConnectException: Connection refused (Connection refused)
	at java.net.PlainSocketImpl.socketConnect(Native Method)
	at java.net.AbstractPlainSocketImpl.doConnect(AbstractPlainSocketImpl.java:350)
	at java.net.AbstractPlainSocketImpl.connectToAddress(AbstractPlainSocketImpl.java:206)
	at java.net.AbstractPlainSocketImpl.connect(AbstractPlainSocketImpl.java:188)
	at java.net.SocksSocketImpl.connect(SocksSocketImpl.java:392)
	at java.net.Socket.connect(Socket.java:589)
	at java.net.Socket.connect(Socket.java:538)
	at sun.net.NetworkClient.doConnect(NetworkClient.java:180)
	at sun.net.www.http.HttpClient.openServer(HttpClient.java:463)
	at sun.net.www.http.HttpClient.openServer(HttpClient.java:558)
	at sun.net.www.http.HttpClient.<init>(HttpClient.java:242)
	at sun.net.www.http.HttpClient.New(HttpClient.java:339)
	at sun.net.www.http.HttpClient.New(HttpClient.java:357)
	at sun.net.www.protocol.http.HttpURLConnection.getNewHttpClient(HttpURLConnection.java:1220)
	at sun.net.www.protocol.http.HttpURLConnection.plainConnect0(HttpURLConnection.java:1156)
	at sun.net.www.protocol.http.HttpURLConnection.plainConnect(HttpURLConnection.java:1050)
	at sun.net.www.protocol.http.HttpURLConnection.connect(HttpURLConnection.java:984)
	at org.springframework.http.client.SimpleBufferingClientHttpRequest.executeInternal(SimpleBufferingClientHttpRequest.java:78)
	at org.springframework.http.client.AbstractBufferingClientHttpRequest.executeInternal(AbstractBufferingClientHttpRequest.java:48)
	at org.springframework.http.client.AbstractClientHttpRequest.execute(AbstractClientHttpRequest.java:53)
	at org.springframework.web.client.RestTemplate.doExecute(RestTemplate.java:660)
	... 6 more

2019-07-30 20:16:00.007[WARN]  resttemplate-stat.log configured stat_log_interval=60 second and default cycle=60
2019-07-30 20:16:16.438[WARN]  spring-mvc-stat.log configured stat_log_interval=60 second and default cycle=60
2019-07-30 20:16:16.821[ERROR] Failed to report span to remote server. Current rest url is http://localhost:9411/api/v2/spans
org.springframework.web.client.ResourceAccessException: I/O error on POST request for "http://localhost:9411/api/v2/spans": Connection refused (Connection refused); nested exception is java.net.ConnectException: Connection refused (Connection refused)
	at org.springframework.web.client.RestTemplate.doExecute(RestTemplate.java:674)
	at org.springframework.web.client.RestTemplate.execute(RestTemplate.java:636)
	at org.springframework.web.client.RestTemplate.exchange(RestTemplate.java:598)
	at com.alipay.sofa.tracer.plugins.zipkin.sender.ZipkinRestTemplateSender.post(ZipkinRestTemplateSender.java:78)
	at com.alipay.sofa.tracer.plugins.zipkin.sender.ZipkinRestTemplateSender.sendSpans(ZipkinRestTemplateSender.java:66)
	at zipkin2.reporter.AsyncReporter$BoundedAsyncReporter.flush(AsyncReporter.java:286)
	at zipkin2.reporter.AsyncReporter$Builder$1.run(AsyncReporter.java:190)
Caused by: java.net.ConnectException: Connection refused (Connection refused)
	at java.net.PlainSocketImpl.socketConnect(Native Method)
	at java.net.AbstractPlainSocketImpl.doConnect(AbstractPlainSocketImpl.java:350)
	at java.net.AbstractPlainSocketImpl.connectToAddress(AbstractPlainSocketImpl.java:206)
	at java.net.AbstractPlainSocketImpl.connect(AbstractPlainSocketImpl.java:188)
	at java.net.SocksSocketImpl.connect(SocksSocketImpl.java:392)
	at java.net.Socket.connect(Socket.java:589)
	at java.net.Socket.connect(Socket.java:538)
	at sun.net.NetworkClient.doConnect(NetworkClient.java:180)
	at sun.net.www.http.HttpClient.openServer(HttpClient.java:463)
	at sun.net.www.http.HttpClient.openServer(HttpClient.java:558)
	at sun.net.www.http.HttpClient.<init>(HttpClient.java:242)
	at sun.net.www.http.HttpClient.New(HttpClient.java:339)
	at sun.net.www.http.HttpClient.New(HttpClient.java:357)
	at sun.net.www.protocol.http.HttpURLConnection.getNewHttpClient(HttpURLConnection.java:1220)
	at sun.net.www.protocol.http.HttpURLConnection.plainConnect0(HttpURLConnection.java:1156)
	at sun.net.www.protocol.http.HttpURLConnection.plainConnect(HttpURLConnection.java:1050)
	at sun.net.www.protocol.http.HttpURLConnection.connect(HttpURLConnection.java:984)
	at org.springframework.http.client.SimpleBufferingClientHttpRequest.executeInternal(SimpleBufferingClientHttpRequest.java:78)
	at org.springframework.http.client.AbstractBufferingClientHttpRequest.executeInternal(AbstractBufferingClientHttpRequest.java:48)
	at org.springframework.http.client.AbstractClientHttpRequest.execute(AbstractClientHttpRequest.java:53)
	at org.springframework.web.client.RestTemplate.doExecute(RestTemplate.java:660)
	... 6 more

2019-07-30 20:16:18.825[ERROR] Failed to report span to remote server. Current rest url is http://localhost:9411/api/v2/spans
org.springframework.web.client.ResourceAccessException: I/O error on POST request for "http://localhost:9411/api/v2/spans": Connection refused (Connection refused); nested exception is java.net.ConnectException: Connection refused (Connection refused)
	at org.springframework.web.client.RestTemplate.doExecute(RestTemplate.java:674)
	at org.springframework.web.client.RestTemplate.execute(RestTemplate.java:636)
	at org.springframework.web.client.RestTemplate.exchange(RestTemplate.java:598)
	at com.alipay.sofa.tracer.plugins.zipkin.sender.ZipkinRestTemplateSender.post(ZipkinRestTemplateSender.java:78)
	at com.alipay.sofa.tracer.plugins.zipkin.sender.ZipkinRestTemplateSender.sendSpans(ZipkinRestTemplateSender.java:66)
	at zipkin2.reporter.AsyncReporter$BoundedAsyncReporter.flush(AsyncReporter.java:286)
	at zipkin2.reporter.AsyncReporter$Builder$1.run(AsyncReporter.java:190)
Caused by: java.net.ConnectException: Connection refused (Connection refused)
	at java.net.PlainSocketImpl.socketConnect(Native Method)
	at java.net.AbstractPlainSocketImpl.doConnect(AbstractPlainSocketImpl.java:350)
	at java.net.AbstractPlainSocketImpl.connectToAddress(AbstractPlainSocketImpl.java:206)
	at java.net.AbstractPlainSocketImpl.connect(AbstractPlainSocketImpl.java:188)
	at java.net.SocksSocketImpl.connect(SocksSocketImpl.java:392)
	at java.net.Socket.connect(Socket.java:589)
	at java.net.Socket.connect(Socket.java:538)
	at sun.net.NetworkClient.doConnect(NetworkClient.java:180)
	at sun.net.www.http.HttpClient.openServer(HttpClient.java:463)
	at sun.net.www.http.HttpClient.openServer(HttpClient.java:558)
	at sun.net.www.http.HttpClient.<init>(HttpClient.java:242)
	at sun.net.www.http.HttpClient.New(HttpClient.java:339)
	at sun.net.www.http.HttpClient.New(HttpClient.java:357)
	at sun.net.www.protocol.http.HttpURLConnection.getNewHttpClient(HttpURLConnection.java:1220)
	at sun.net.www.protocol.http.HttpURLConnection.plainConnect0(HttpURLConnection.java:1156)
	at sun.net.www.protocol.http.HttpURLConnection.plainConnect(HttpURLConnection.java:1050)
	at sun.net.www.protocol.http.HttpURLConnection.connect(HttpURLConnection.java:984)
	at org.springframework.http.client.SimpleBufferingClientHttpRequest.executeInternal(SimpleBufferingClientHttpRequest.java:78)
	at org.springframework.http.client.AbstractBufferingClientHttpRequest.executeInternal(AbstractBufferingClientHttpRequest.java:48)
	at org.springframework.http.client.AbstractClientHttpRequest.execute(AbstractClientHttpRequest.java:53)
	at org.springframework.web.client.RestTemplate.doExecute(RestTemplate.java:660)
	... 6 more

2019-07-30 20:16:22.842[ERROR] Failed to report span to remote server. Current rest url is http://localhost:9411/api/v2/spans
org.springframework.web.client.ResourceAccessException: I/O error on POST request for "http://localhost:9411/api/v2/spans": Connection refused (Connection refused); nested exception is java.net.ConnectException: Connection refused (Connection refused)
	at org.springframework.web.client.RestTemplate.doExecute(RestTemplate.java:674)
	at org.springframework.web.client.RestTemplate.execute(RestTemplate.java:636)
	at org.springframework.web.client.RestTemplate.exchange(RestTemplate.java:598)
	at com.alipay.sofa.tracer.plugins.zipkin.sender.ZipkinRestTemplateSender.post(ZipkinRestTemplateSender.java:78)
	at com.alipay.sofa.tracer.plugins.zipkin.sender.ZipkinRestTemplateSender.sendSpans(ZipkinRestTemplateSender.java:66)
	at zipkin2.reporter.AsyncReporter$BoundedAsyncReporter.flush(AsyncReporter.java:286)
	at zipkin2.reporter.AsyncReporter$Builder$1.run(AsyncReporter.java:190)
Caused by: java.net.ConnectException: Connection refused (Connection refused)
	at java.net.PlainSocketImpl.socketConnect(Native Method)
	at java.net.AbstractPlainSocketImpl.doConnect(AbstractPlainSocketImpl.java:350)
	at java.net.AbstractPlainSocketImpl.connectToAddress(AbstractPlainSocketImpl.java:206)
	at java.net.AbstractPlainSocketImpl.connect(AbstractPlainSocketImpl.java:188)
	at java.net.SocksSocketImpl.connect(SocksSocketImpl.java:392)
	at java.net.Socket.connect(Socket.java:589)
	at java.net.Socket.connect(Socket.java:538)
	at sun.net.NetworkClient.doConnect(NetworkClient.java:180)
	at sun.net.www.http.HttpClient.openServer(HttpClient.java:463)
	at sun.net.www.http.HttpClient.openServer(HttpClient.java:558)
	at sun.net.www.http.HttpClient.<init>(HttpClient.java:242)
	at sun.net.www.http.HttpClient.New(HttpClient.java:339)
	at sun.net.www.http.HttpClient.New(HttpClient.java:357)
	at sun.net.www.protocol.http.HttpURLConnection.getNewHttpClient(HttpURLConnection.java:1220)
	at sun.net.www.protocol.http.HttpURLConnection.plainConnect0(HttpURLConnection.java:1156)
	at sun.net.www.protocol.http.HttpURLConnection.plainConnect(HttpURLConnection.java:1050)
	at sun.net.www.protocol.http.HttpURLConnection.connect(HttpURLConnection.java:984)
	at org.springframework.http.client.SimpleBufferingClientHttpRequest.executeInternal(SimpleBufferingClientHttpRequest.java:78)
	at org.springframework.http.client.AbstractBufferingClientHttpRequest.executeInternal(AbstractBufferingClientHttpRequest.java:48)
	at org.springframework.http.client.AbstractClientHttpRequest.execute(AbstractClientHttpRequest.java:53)
	at org.springframework.web.client.RestTemplate.doExecute(RestTemplate.java:660)
	... 6 more

2019-07-30 20:16:23.846[ERROR] Failed to report span to remote server. Current rest url is http://localhost:9411/api/v2/spans
org.springframework.web.client.ResourceAccessException: I/O error on POST request for "http://localhost:9411/api/v2/spans": Connection refused (Connection refused); nested exception is java.net.ConnectException: Connection refused (Connection refused)
	at org.springframework.web.client.RestTemplate.doExecute(RestTemplate.java:674)
	at org.springframework.web.client.RestTemplate.execute(RestTemplate.java:636)
	at org.springframework.web.client.RestTemplate.exchange(RestTemplate.java:598)
	at com.alipay.sofa.tracer.plugins.zipkin.sender.ZipkinRestTemplateSender.post(ZipkinRestTemplateSender.java:78)
	at com.alipay.sofa.tracer.plugins.zipkin.sender.ZipkinRestTemplateSender.sendSpans(ZipkinRestTemplateSender.java:66)
	at zipkin2.reporter.AsyncReporter$BoundedAsyncReporter.flush(AsyncReporter.java:286)
	at zipkin2.reporter.AsyncReporter$Builder$1.run(AsyncReporter.java:190)
Caused by: java.net.ConnectException: Connection refused (Connection refused)
	at java.net.PlainSocketImpl.socketConnect(Native Method)
	at java.net.AbstractPlainSocketImpl.doConnect(AbstractPlainSocketImpl.java:350)
	at java.net.AbstractPlainSocketImpl.connectToAddress(AbstractPlainSocketImpl.java:206)
	at java.net.AbstractPlainSocketImpl.connect(AbstractPlainSocketImpl.java:188)
	at java.net.SocksSocketImpl.connect(SocksSocketImpl.java:392)
	at java.net.Socket.connect(Socket.java:589)
	at java.net.Socket.connect(Socket.java:538)
	at sun.net.NetworkClient.doConnect(NetworkClient.java:180)
	at sun.net.www.http.HttpClient.openServer(HttpClient.java:463)
	at sun.net.www.http.HttpClient.openServer(HttpClient.java:558)
	at sun.net.www.http.HttpClient.<init>(HttpClient.java:242)
	at sun.net.www.http.HttpClient.New(HttpClient.java:339)
	at sun.net.www.http.HttpClient.New(HttpClient.java:357)
	at sun.net.www.protocol.http.HttpURLConnection.getNewHttpClient(HttpURLConnection.java:1220)
	at sun.net.www.protocol.http.HttpURLConnection.plainConnect0(HttpURLConnection.java:1156)
	at sun.net.www.protocol.http.HttpURLConnection.plainConnect(HttpURLConnection.java:1050)
	at sun.net.www.protocol.http.HttpURLConnection.connect(HttpURLConnection.java:984)
	at org.springframework.http.client.SimpleBufferingClientHttpRequest.executeInternal(SimpleBufferingClientHttpRequest.java:78)
	at org.springframework.http.client.AbstractBufferingClientHttpRequest.executeInternal(AbstractBufferingClientHttpRequest.java:48)
	at org.springframework.http.client.AbstractClientHttpRequest.execute(AbstractClientHttpRequest.java:53)
	at org.springframework.web.client.RestTemplate.doExecute(RestTemplate.java:660)
	... 6 more

2019-07-30 20:16:57.958[ERROR] Failed to report span to remote server. Current rest url is http://localhost:9411/api/v2/spans
org.springframework.web.client.ResourceAccessException: I/O error on POST request for "http://localhost:9411/api/v2/spans": Connection refused (Connection refused); nested exception is java.net.ConnectException: Connection refused (Connection refused)
	at org.springframework.web.client.RestTemplate.doExecute(RestTemplate.java:674)
	at org.springframework.web.client.RestTemplate.execute(RestTemplate.java:636)
	at org.springframework.web.client.RestTemplate.exchange(RestTemplate.java:598)
	at com.alipay.sofa.tracer.plugins.zipkin.sender.ZipkinRestTemplateSender.post(ZipkinRestTemplateSender.java:78)
	at com.alipay.sofa.tracer.plugins.zipkin.sender.ZipkinRestTemplateSender.sendSpans(ZipkinRestTemplateSender.java:66)
	at zipkin2.reporter.AsyncReporter$BoundedAsyncReporter.flush(AsyncReporter.java:286)
	at zipkin2.reporter.AsyncReporter$Builder$1.run(AsyncReporter.java:190)
Caused by: java.net.ConnectException: Connection refused (Connection refused)
	at java.net.PlainSocketImpl.socketConnect(Native Method)
	at java.net.AbstractPlainSocketImpl.doConnect(AbstractPlainSocketImpl.java:350)
	at java.net.AbstractPlainSocketImpl.connectToAddress(AbstractPlainSocketImpl.java:206)
	at java.net.AbstractPlainSocketImpl.connect(AbstractPlainSocketImpl.java:188)
	at java.net.SocksSocketImpl.connect(SocksSocketImpl.java:392)
	at java.net.Socket.connect(Socket.java:589)
	at java.net.Socket.connect(Socket.java:538)
	at sun.net.NetworkClient.doConnect(NetworkClient.java:180)
	at sun.net.www.http.HttpClient.openServer(HttpClient.java:463)
	at sun.net.www.http.HttpClient.openServer(HttpClient.java:558)
	at sun.net.www.http.HttpClient.<init>(HttpClient.java:242)
	at sun.net.www.http.HttpClient.New(HttpClient.java:339)
	at sun.net.www.http.HttpClient.New(HttpClient.java:357)
	at sun.net.www.protocol.http.HttpURLConnection.getNewHttpClient(HttpURLConnection.java:1220)
	at sun.net.www.protocol.http.HttpURLConnection.plainConnect0(HttpURLConnection.java:1156)
	at sun.net.www.protocol.http.HttpURLConnection.plainConnect(HttpURLConnection.java:1050)
	at sun.net.www.protocol.http.HttpURLConnection.connect(HttpURLConnection.java:984)
	at org.springframework.http.client.SimpleBufferingClientHttpRequest.executeInternal(SimpleBufferingClientHttpRequest.java:78)
	at org.springframework.http.client.AbstractBufferingClientHttpRequest.executeInternal(AbstractBufferingClientHttpRequest.java:48)
	at org.springframework.http.client.AbstractClientHttpRequest.execute(AbstractClientHttpRequest.java:53)
	at org.springframework.web.client.RestTemplate.doExecute(RestTemplate.java:660)
	... 6 more

2019-07-30 20:16:58.964[ERROR] Failed to report span to remote server. Current rest url is http://localhost:9411/api/v2/spans
org.springframework.web.client.ResourceAccessException: I/O error on POST request for "http://localhost:9411/api/v2/spans": Connection refused (Connection refused); nested exception is java.net.ConnectException: Connection refused (Connection refused)
	at org.springframework.web.client.RestTemplate.doExecute(RestTemplate.java:674)
	at org.springframework.web.client.RestTemplate.execute(RestTemplate.java:636)
	at org.springframework.web.client.RestTemplate.exchange(RestTemplate.java:598)
	at com.alipay.sofa.tracer.plugins.zipkin.sender.ZipkinRestTemplateSender.post(ZipkinRestTemplateSender.java:78)
	at com.alipay.sofa.tracer.plugins.zipkin.sender.ZipkinRestTemplateSender.sendSpans(ZipkinRestTemplateSender.java:66)
	at zipkin2.reporter.AsyncReporter$BoundedAsyncReporter.flush(AsyncReporter.java:286)
	at zipkin2.reporter.AsyncReporter$Builder$1.run(AsyncReporter.java:190)
Caused by: java.net.ConnectException: Connection refused (Connection refused)
	at java.net.PlainSocketImpl.socketConnect(Native Method)
	at java.net.AbstractPlainSocketImpl.doConnect(AbstractPlainSocketImpl.java:350)
	at java.net.AbstractPlainSocketImpl.connectToAddress(AbstractPlainSocketImpl.java:206)
	at java.net.AbstractPlainSocketImpl.connect(AbstractPlainSocketImpl.java:188)
	at java.net.SocksSocketImpl.connect(SocksSocketImpl.java:392)
	at java.net.Socket.connect(Socket.java:589)
	at java.net.Socket.connect(Socket.java:538)
	at sun.net.NetworkClient.doConnect(NetworkClient.java:180)
	at sun.net.www.http.HttpClient.openServer(HttpClient.java:463)
	at sun.net.www.http.HttpClient.openServer(HttpClient.java:558)
	at sun.net.www.http.HttpClient.<init>(HttpClient.java:242)
	at sun.net.www.http.HttpClient.New(HttpClient.java:339)
	at sun.net.www.http.HttpClient.New(HttpClient.java:357)
	at sun.net.www.protocol.http.HttpURLConnection.getNewHttpClient(HttpURLConnection.java:1220)
	at sun.net.www.protocol.http.HttpURLConnection.plainConnect0(HttpURLConnection.java:1156)
	at sun.net.www.protocol.http.HttpURLConnection.plainConnect(HttpURLConnection.java:1050)
	at sun.net.www.protocol.http.HttpURLConnection.connect(HttpURLConnection.java:984)
	at org.springframework.http.client.SimpleBufferingClientHttpRequest.executeInternal(SimpleBufferingClientHttpRequest.java:78)
	at org.springframework.http.client.AbstractBufferingClientHttpRequest.executeInternal(AbstractBufferingClientHttpRequest.java:48)
	at org.springframework.http.client.AbstractClientHttpRequest.execute(AbstractClientHttpRequest.java:53)
	at org.springframework.web.client.RestTemplate.doExecute(RestTemplate.java:660)
	... 6 more

2019-07-30 20:17:45.122[ERROR] Failed to report span to remote server. Current rest url is http://localhost:9411/api/v2/spans
org.springframework.web.client.ResourceAccessException: I/O error on POST request for "http://localhost:9411/api/v2/spans": Connection refused (Connection refused); nested exception is java.net.ConnectException: Connection refused (Connection refused)
	at org.springframework.web.client.RestTemplate.doExecute(RestTemplate.java:674)
	at org.springframework.web.client.RestTemplate.execute(RestTemplate.java:636)
	at org.springframework.web.client.RestTemplate.exchange(RestTemplate.java:598)
	at com.alipay.sofa.tracer.plugins.zipkin.sender.ZipkinRestTemplateSender.post(ZipkinRestTemplateSender.java:78)
	at com.alipay.sofa.tracer.plugins.zipkin.sender.ZipkinRestTemplateSender.sendSpans(ZipkinRestTemplateSender.java:66)
	at zipkin2.reporter.AsyncReporter$BoundedAsyncReporter.flush(AsyncReporter.java:286)
	at zipkin2.reporter.AsyncReporter$Builder$1.run(AsyncReporter.java:190)
Caused by: java.net.ConnectException: Connection refused (Connection refused)
	at java.net.PlainSocketImpl.socketConnect(Native Method)
	at java.net.AbstractPlainSocketImpl.doConnect(AbstractPlainSocketImpl.java:350)
	at java.net.AbstractPlainSocketImpl.connectToAddress(AbstractPlainSocketImpl.java:206)
	at java.net.AbstractPlainSocketImpl.connect(AbstractPlainSocketImpl.java:188)
	at java.net.SocksSocketImpl.connect(SocksSocketImpl.java:392)
	at java.net.Socket.connect(Socket.java:589)
	at java.net.Socket.connect(Socket.java:538)
	at sun.net.NetworkClient.doConnect(NetworkClient.java:180)
	at sun.net.www.http.HttpClient.openServer(HttpClient.java:463)
	at sun.net.www.http.HttpClient.openServer(HttpClient.java:558)
	at sun.net.www.http.HttpClient.<init>(HttpClient.java:242)
	at sun.net.www.http.HttpClient.New(HttpClient.java:339)
	at sun.net.www.http.HttpClient.New(HttpClient.java:357)
	at sun.net.www.protocol.http.HttpURLConnection.getNewHttpClient(HttpURLConnection.java:1220)
	at sun.net.www.protocol.http.HttpURLConnection.plainConnect0(HttpURLConnection.java:1156)
	at sun.net.www.protocol.http.HttpURLConnection.plainConnect(HttpURLConnection.java:1050)
	at sun.net.www.protocol.http.HttpURLConnection.connect(HttpURLConnection.java:984)
	at org.springframework.http.client.SimpleBufferingClientHttpRequest.executeInternal(SimpleBufferingClientHttpRequest.java:78)
	at org.springframework.http.client.AbstractBufferingClientHttpRequest.executeInternal(AbstractBufferingClientHttpRequest.java:48)
	at org.springframework.http.client.AbstractClientHttpRequest.execute(AbstractClientHttpRequest.java:53)
	at org.springframework.web.client.RestTemplate.doExecute(RestTemplate.java:660)
	... 6 more

2019-07-30 20:17:56.093[WARN]  resttemplate-stat.log configured stat_log_interval=60 second and default cycle=60
2019-07-30 20:17:57.926[WARN]  spring-mvc-stat.log configured stat_log_interval=60 second and default cycle=60
2019-07-30 20:19:14.538[ERROR] Failed to report span to remote server. Current rest url is http://localhost:9411/api/v2/spans
org.springframework.web.client.ResourceAccessException: I/O error on POST request for "http://localhost:9411/api/v2/spans": Connection refused (Connection refused); nested exception is java.net.ConnectException: Connection refused (Connection refused)
	at org.springframework.web.client.RestTemplate.doExecute(RestTemplate.java:674)
	at org.springframework.web.client.RestTemplate.execute(RestTemplate.java:636)
	at org.springframework.web.client.RestTemplate.exchange(RestTemplate.java:598)
	at com.alipay.sofa.tracer.plugins.zipkin.sender.ZipkinRestTemplateSender.post(ZipkinRestTemplateSender.java:78)
	at com.alipay.sofa.tracer.plugins.zipkin.sender.ZipkinRestTemplateSender.sendSpans(ZipkinRestTemplateSender.java:66)
	at zipkin2.reporter.AsyncReporter$BoundedAsyncReporter.flush(AsyncReporter.java:286)
	at zipkin2.reporter.AsyncReporter$Builder$1.run(AsyncReporter.java:190)
Caused by: java.net.ConnectException: Connection refused (Connection refused)
	at java.net.PlainSocketImpl.socketConnect(Native Method)
	at java.net.AbstractPlainSocketImpl.doConnect(AbstractPlainSocketImpl.java:350)
	at java.net.AbstractPlainSocketImpl.connectToAddress(AbstractPlainSocketImpl.java:206)
	at java.net.AbstractPlainSocketImpl.connect(AbstractPlainSocketImpl.java:188)
	at java.net.SocksSocketImpl.connect(SocksSocketImpl.java:392)
	at java.net.Socket.connect(Socket.java:589)
	at java.net.Socket.connect(Socket.java:538)
	at sun.net.NetworkClient.doConnect(NetworkClient.java:180)
	at sun.net.www.http.HttpClient.openServer(HttpClient.java:463)
	at sun.net.www.http.HttpClient.openServer(HttpClient.java:558)
	at sun.net.www.http.HttpClient.<init>(HttpClient.java:242)
	at sun.net.www.http.HttpClient.New(HttpClient.java:339)
	at sun.net.www.http.HttpClient.New(HttpClient.java:357)
	at sun.net.www.protocol.http.HttpURLConnection.getNewHttpClient(HttpURLConnection.java:1220)
	at sun.net.www.protocol.http.HttpURLConnection.plainConnect0(HttpURLConnection.java:1156)
	at sun.net.www.protocol.http.HttpURLConnection.plainConnect(HttpURLConnection.java:1050)
	at sun.net.www.protocol.http.HttpURLConnection.connect(HttpURLConnection.java:984)
	at org.springframework.http.client.SimpleBufferingClientHttpRequest.executeInternal(SimpleBufferingClientHttpRequest.java:78)
	at org.springframework.http.client.AbstractBufferingClientHttpRequest.executeInternal(AbstractBufferingClientHttpRequest.java:48)
	at org.springframework.http.client.AbstractClientHttpRequest.execute(AbstractClientHttpRequest.java:53)
	at org.springframework.web.client.RestTemplate.doExecute(RestTemplate.java:660)
	... 6 more

2019-07-30 20:26:23.011[WARN]  resttemplate-stat.log configured stat_log_interval=60 second and default cycle=60
